C:\Program Files (x86)\Microsoft Visual Studio\2017\Community\Common7\IDE\VC\VCTargets\Microsoft.CppBuild.targets(391,5): warning MSB8028: The intermediate directory (x64\Debug GLUIDLL\) contains files shared from another project (example1.vcxproj, example2.vcxproj, example3.vcxproj, example4.vcxproj, example5.vcxproj, _gluidll library.vcxproj).  This can lead to incorrect clean and rebuild behavior.
  example6.cpp
o:\szie\research\wetpv\raytracercpp\lib_3rd\glui-2.36\src\include\gl\glui.h(709): warning C4251: 'GLUI_Main::window_name': class 'std::basic_string<char,std::char_traits<char>,std::allocator<char>>' needs to have dll-interface to be used by clients of class 'GLUI_Main'
  c:\program files (x86)\microsoft visual studio\2017\community\vc\tools\msvc\14.16.27023\include\xstring(4373): note: see declaration of 'std::basic_string<char,std::char_traits<char>,std::allocator<char>>'
o:\szie\research\wetpv\raytracercpp\lib_3rd\glui-2.36\src\include\gl\glui.h(802): warning C4251: 'GLUI_Control::text': class 'std::basic_string<char,std::char_traits<char>,std::allocator<char>>' needs to have dll-interface to be used by clients of class 'GLUI_Control'
  c:\program files (x86)\microsoft visual studio\2017\community\vc\tools\msvc\14.16.27023\include\xstring(4373): note: see declaration of 'std::basic_string<char,std::char_traits<char>,std::allocator<char>>'
o:\szie\research\wetpv\raytracercpp\lib_3rd\glui-2.36\src\include\gl\glui.h(811): warning C4251: 'GLUI_Control::last_live_text': class 'std::basic_string<char,std::char_traits<char>,std::allocator<char>>' needs to have dll-interface to be used by clients of class 'GLUI_Control'
  c:\program files (x86)\microsoft visual studio\2017\community\vc\tools\msvc\14.16.27023\include\xstring(4373): note: see declaration of 'std::basic_string<char,std::char_traits<char>,std::allocator<char>>'
o:\szie\research\wetpv\raytracercpp\lib_3rd\glui-2.36\src\include\gl\glui.h(819): warning C4251: 'GLUI_Control::name': class 'std::basic_string<char,std::char_traits<char>,std::allocator<char>>' needs to have dll-interface to be used by clients of class 'GLUI_Control'
  c:\program files (x86)\microsoft visual studio\2017\community\vc\tools\msvc\14.16.27023\include\xstring(4373): note: see declaration of 'std::basic_string<char,std::char_traits<char>,std::allocator<char>>'
o:\szie\research\wetpv\raytracercpp\lib_3rd\glui-2.36\src\include\gl\glui.h(881): warning C4244: 'argument': conversion from 'double' to 'GLfloat', possible loss of data
o:\szie\research\wetpv\raytracercpp\lib_3rd\glui-2.36\src\include\gl\glui.h(1173): warning C4251: 'GLUI_FileBrowser::current_dir': class 'std::basic_string<char,std::char_traits<char>,std::allocator<char>>' needs to have dll-interface to be used by clients of class 'GLUI_FileBrowser'
  c:\program files (x86)\microsoft visual studio\2017\community\vc\tools\msvc\14.16.27023\include\xstring(4373): note: see declaration of 'std::basic_string<char,std::char_traits<char>,std::allocator<char>>'
o:\szie\research\wetpv\raytracercpp\lib_3rd\glui-2.36\src\include\gl\glui.h(1202): warning C4251: 'GLUI_FileBrowser::file': class 'std::basic_string<char,std::char_traits<char>,std::allocator<char>>' needs to have dll-interface to be used by clients of class 'GLUI_FileBrowser'
  c:\program files (x86)\microsoft visual studio\2017\community\vc\tools\msvc\14.16.27023\include\xstring(4373): note: see declaration of 'std::basic_string<char,std::char_traits<char>,std::allocator<char>>'
o:\szie\research\wetpv\raytracercpp\lib_3rd\glui-2.36\src\include\gl\glui.h(1298): warning C4251: 'GLUI_Tree::level_name': class 'std::basic_string<char,std::char_traits<char>,std::allocator<char>>' needs to have dll-interface to be used by clients of class 'GLUI_Tree'
  c:\program files (x86)\microsoft visual studio\2017\community\vc\tools\msvc\14.16.27023\include\xstring(4373): note: see declaration of 'std::basic_string<char,std::char_traits<char>,std::allocator<char>>'
o:\szie\research\wetpv\raytracercpp\lib_3rd\glui-2.36\src\include\gl\glui.h(1597): warning C4251: 'GLUI_EditText::orig_text': class 'std::basic_string<char,std::char_traits<char>,std::allocator<char>>' needs to have dll-interface to be used by clients of class 'GLUI_EditText'
  c:\program files (x86)\microsoft visual studio\2017\community\vc\tools\msvc\14.16.27023\include\xstring(4373): note: see declaration of 'std::basic_string<char,std::char_traits<char>,std::allocator<char>>'
c:\program files (x86)\microsoft visual studio\2017\community\vc\tools\msvc\14.16.27023\include\vector(626): warning C4251: 'std::_Vector_alloc<std::_Vec_base_types<_Ty,_Alloc>>::_Mypair': class 'std::_Compressed_pair<std::allocator<GLUI_String>,std::_Vector_val<std::_Simple_types<_Ty>>,true>' needs to have dll-interface to be used by clients of class 'std::_Vector_alloc<std::_Vec_base_types<_Ty,_Alloc>>'
          with
          [
              _Ty=GLUI_String,
              _Alloc=std::allocator<GLUI_String>
          ]
          and
          [
              _Ty=GLUI_String
          ]
          and
          [
              _Ty=GLUI_String,
              _Alloc=std::allocator<GLUI_String>
          ]
  c:\program files (x86)\microsoft visual studio\2017\community\vc\tools\msvc\14.16.27023\include\vector(605): note: see declaration of 'std::_Compressed_pair<std::allocator<GLUI_String>,std::_Vector_val<std::_Simple_types<_Ty>>,true>'
          with
          [
              _Ty=GLUI_String
          ]
  o:\szie\research\wetpv\raytracercpp\lib_3rd\glui-2.36\src\include\gl\glui.h(1713): note: see reference to class template instantiation 'std::vector<GLUI_String,std::allocator<GLUI_String>>' being compiled
o:\szie\research\wetpv\raytracercpp\lib_3rd\glui-2.36\src\include\gl\glui.h(2008): warning C4251: 'GLUI_TextBox::orig_text': class 'std::basic_string<char,std::char_traits<char>,std::allocator<char>>' needs to have dll-interface to be used by clients of class 'GLUI_TextBox'
  c:\program files (x86)\microsoft visual studio\2017\community\vc\tools\msvc\14.16.27023\include\xstring(4373): note: see declaration of 'std::basic_string<char,std::char_traits<char>,std::allocator<char>>'
o:\szie\research\wetpv\raytracercpp\lib_3rd\glui-2.36\src\include\gl\glui.h(2104): warning C4251: 'GLUI_List_Item::text': class 'std::basic_string<char,std::char_traits<char>,std::allocator<char>>' needs to have dll-interface to be used by clients of class 'GLUI_List_Item'
  c:\program files (x86)\microsoft visual studio\2017\community\vc\tools\msvc\14.16.27023\include\xstring(4373): note: see declaration of 'std::basic_string<char,std::char_traits<char>,std::allocator<char>>'
o:\szie\research\wetpv\raytracercpp\lib_3rd\glui-2.36\src\include\gl\glui.h(2131): warning C4251: 'GLUI_List::orig_text': class 'std::basic_string<char,std::char_traits<char>,std::allocator<char>>' needs to have dll-interface to be used by clients of class 'GLUI_List'
  c:\program files (x86)\microsoft visual studio\2017\community\vc\tools\msvc\14.16.27023\include\xstring(4373): note: see declaration of 'std::basic_string<char,std::char_traits<char>,std::allocator<char>>'
o:\szie\research\wetpv\raytracercpp\lib_3rd\glui-2.36\src\include\gl\glui.h(2337): warning C4251: 'GLUI_Listbox_Item::text': class 'std::basic_string<char,std::char_traits<char>,std::allocator<char>>' needs to have dll-interface to be used by clients of class 'GLUI_Listbox_Item'
  c:\program files (x86)\microsoft visual studio\2017\community\vc\tools\msvc\14.16.27023\include\xstring(4373): note: see declaration of 'std::basic_string<char,std::char_traits<char>,std::allocator<char>>'
o:\szie\research\wetpv\raytracercpp\lib_3rd\glui-2.36\src\include\gl\glui.h(2344): warning C4251: 'GLUI_Listbox::curr_text': class 'std::basic_string<char,std::char_traits<char>,std::allocator<char>>' needs to have dll-interface to be used by clients of class 'GLUI_Listbox'
  c:\program files (x86)\microsoft visual studio\2017\community\vc\tools\msvc\14.16.27023\include\xstring(4373): note: see declaration of 'std::basic_string<char,std::char_traits<char>,std::allocator<char>>'
o:\szie\research\wetpv\raytracercpp\lib_3rd\glui-2.36\src\example\example6.cpp(173): warning C4996: 'fopen': This function or variable may be unsafe. Consider using fopen_s instead. To disable deprecation, use _CRT_SECURE_NO_WARNINGS. See online help for details.
  c:\program files (x86)\windows kits\10\include\10.0.17763.0\ucrt\stdio.h(208): note: see declaration of 'fopen'
C:\Program Files (x86)\Microsoft Visual Studio\2017\Community\Common7\IDE\VC\VCTargets\Microsoft.CppBuild.targets(1216,5): warning MSB8012: TargetPath(O:\SZIE\research\WetPV\RayTracerCpp\lib_3rd\glui-2.36\src\msvc\x64\Debug GLUIDLL\example6.exe) does not match the Linker's OutputFile property value (o:\SZIE\research\WetPV\RayTracerCpp\lib_3rd\glui-2.36\src\msvc\bin\example6dlld.exe). This may cause your project to build incorrectly. To correct this, please make sure that $(OutDir), $(TargetName) and $(TargetExt) property values match the value specified in %(Link.OutputFile).
C:\Program Files (x86)\Microsoft Visual Studio\2017\Community\Common7\IDE\VC\VCTargets\Microsoft.CppBuild.targets(1218,5): warning MSB8012: TargetName(example6) does not match the Linker's OutputFile property value (example6dlld). This may cause your project to build incorrectly. To correct this, please make sure that $(OutDir), $(TargetName) and $(TargetExt) property values match the value specified in %(Link.OutputFile).
  example6.vcxproj -> O:\SZIE\research\WetPV\RayTracerCpp\lib_3rd\glui-2.36\src\msvc\x64\Debug GLUIDLL\example6.exe
