C:\Program Files (x86)\Microsoft Visual Studio\2017\Community\Common7\IDE\VC\VCTargets\Microsoft.CppBuild.targets(391,5): warning MSB8028: The intermediate directory (x64\Debug GLUIDLL\) contains files shared from another project (example1.vcxproj, example2.vcxproj, example4.vcxproj, example5.vcxproj, _gluidll library.vcxproj).  This can lead to incorrect clean and rebuild behavior.
  example3.cpp
c:\program files (x86)\microsoft visual studio\2017\community\vc\tools\msvc\14.16.27023\include\vector(626): warning C4251: 'std::_Vector_alloc<std::_Vec_base_types<_Ty,_Alloc>>::_Mypair': class 'std::_Compressed_pair<std::allocator<GLUI_String>,std::_Vector_val<std::_Simple_types<_Ty>>,true>' needs to have dll-interface to be used by clients of class 'std::_Vector_alloc<std::_Vec_base_types<_Ty,_Alloc>>'
          with
          [
              _Ty=GLUI_String,
              _Alloc=std::allocator<GLUI_String>
          ]
          and
          [
              _Ty=GLUI_String
          ]
          and
          [
              _Ty=GLUI_String,
              _Alloc=std::allocator<GLUI_String>
          ]
  c:\program files (x86)\microsoft visual studio\2017\community\vc\tools\msvc\14.16.27023\include\vector(605): note: see declaration of 'std::_Compressed_pair<std::allocator<GLUI_String>,std::_Vector_val<std::_Simple_types<_Ty>>,true>'
          with
          [
              _Ty=GLUI_String
          ]
  o:\szie\research\wetpv\raytracercpp\lib_3rd\glui-2.36\src\include\gl\glui.h(1713): note: see reference to class template instantiation 'std::vector<GLUI_String,std::allocator<GLUI_String>>' being compiled
C:\Program Files (x86)\Microsoft Visual Studio\2017\Community\Common7\IDE\VC\VCTargets\Microsoft.CppBuild.targets(1216,5): warning MSB8012: TargetPath(O:\SZIE\research\WetPV\RayTracerCpp\lib_3rd\glui-2.36\src\msvc\x64\Debug GLUIDLL\example3.exe) does not match the Linker's OutputFile property value (o:\SZIE\research\WetPV\RayTracerCpp\lib_3rd\glui-2.36\src\msvc\bin\example3dlld.exe). This may cause your project to build incorrectly. To correct this, please make sure that $(OutDir), $(TargetName) and $(TargetExt) property values match the value specified in %(Link.OutputFile).
C:\Program Files (x86)\Microsoft Visual Studio\2017\Community\Common7\IDE\VC\VCTargets\Microsoft.CppBuild.targets(1218,5): warning MSB8012: TargetName(example3) does not match the Linker's OutputFile property value (example3dlld). This may cause your project to build incorrectly. To correct this, please make sure that $(OutDir), $(TargetName) and $(TargetExt) property values match the value specified in %(Link.OutputFile).
  example3.vcxproj -> O:\SZIE\research\WetPV\RayTracerCpp\lib_3rd\glui-2.36\src\msvc\x64\Debug GLUIDLL\example3.exe
