o:\szie\research\wetpv\raytracercpp\lib_3rd\glui-2.36\src\msvc\x64\debug\_glui library.pdb
o:\szie\research\wetpv\raytracercpp\lib_3rd\glui-2.36\src\msvc\x64\debug\glui_rollout.obj
o:\szie\research\wetpv\raytracercpp\lib_3rd\glui-2.36\src\msvc\x64\debug\glui_radio.obj
o:\szie\research\wetpv\raytracercpp\lib_3rd\glui-2.36\src\msvc\x64\debug\glui_panel.obj
o:\szie\research\wetpv\raytracercpp\lib_3rd\glui-2.36\src\msvc\x64\debug\glui_node.obj
o:\szie\research\wetpv\raytracercpp\lib_3rd\glui-2.36\src\msvc\x64\debug\glui_mouse_iaction.obj
o:\szie\research\wetpv\raytracercpp\lib_3rd\glui-2.36\src\msvc\x64\debug\glui_listbox.obj
o:\szie\research\wetpv\raytracercpp\lib_3rd\glui-2.36\src\msvc\x64\debug\glui_list.obj
o:\szie\research\wetpv\raytracercpp\lib_3rd\glui-2.36\src\msvc\x64\debug\glui_filebrowser.obj
o:\szie\research\wetpv\raytracercpp\lib_3rd\glui-2.36\src\msvc\x64\debug\glui_edittext.obj
o:\szie\research\wetpv\raytracercpp\lib_3rd\glui-2.36\src\msvc\x64\debug\glui_control.obj
o:\szie\research\wetpv\raytracercpp\lib_3rd\glui-2.36\src\msvc\x64\debug\glui_commandline.obj
o:\szie\research\wetpv\raytracercpp\lib_3rd\glui-2.36\src\msvc\x64\debug\glui_column.obj
o:\szie\research\wetpv\raytracercpp\lib_3rd\glui-2.36\src\msvc\x64\debug\glui_checkbox.obj
o:\szie\research\wetpv\raytracercpp\lib_3rd\glui-2.36\src\msvc\x64\debug\glui_button.obj
o:\szie\research\wetpv\raytracercpp\lib_3rd\glui-2.36\src\msvc\x64\debug\glui_bitmap_img_data.obj
o:\szie\research\wetpv\raytracercpp\lib_3rd\glui-2.36\src\msvc\x64\debug\glui_bitmaps.obj
o:\szie\research\wetpv\raytracercpp\lib_3rd\glui-2.36\src\msvc\x64\debug\glui_add_controls.obj
o:\szie\research\wetpv\raytracercpp\lib_3rd\glui-2.36\src\msvc\x64\debug\glui.obj
o:\szie\research\wetpv\raytracercpp\lib_3rd\glui-2.36\src\msvc\x64\debug\arcball.obj
o:\szie\research\wetpv\raytracercpp\lib_3rd\glui-2.36\src\msvc\x64\debug\algebra3.obj
o:\szie\research\wetpv\raytracercpp\lib_3rd\glui-2.36\src\msvc\x64\debug\quaternion.obj
o:\szie\research\wetpv\raytracercpp\lib_3rd\glui-2.36\src\msvc\x64\debug\glui_window.obj
o:\szie\research\wetpv\raytracercpp\lib_3rd\glui-2.36\src\msvc\x64\debug\glui_treepanel.obj
o:\szie\research\wetpv\raytracercpp\lib_3rd\glui-2.36\src\msvc\x64\debug\glui_tree.obj
o:\szie\research\wetpv\raytracercpp\lib_3rd\glui-2.36\src\msvc\x64\debug\glui_translation.obj
o:\szie\research\wetpv\raytracercpp\lib_3rd\glui-2.36\src\msvc\x64\debug\glui_textbox.obj
o:\szie\research\wetpv\raytracercpp\lib_3rd\glui-2.36\src\msvc\x64\debug\glui_string.obj
o:\szie\research\wetpv\raytracercpp\lib_3rd\glui-2.36\src\msvc\x64\debug\glui_statictext.obj
o:\szie\research\wetpv\raytracercpp\lib_3rd\glui-2.36\src\msvc\x64\debug\glui_spinner.obj
o:\szie\research\wetpv\raytracercpp\lib_3rd\glui-2.36\src\msvc\x64\debug\glui_separator.obj
o:\szie\research\wetpv\raytracercpp\lib_3rd\glui-2.36\src\msvc\x64\debug\glui_scrollbar.obj
o:\szie\research\wetpv\raytracercpp\lib_3rd\glui-2.36\src\msvc\x64\debug\glui_rotation.obj
o:\szie\research\wetpv\raytracercpp\lib_3rd\glui-2.36\src\msvc\x64\debug\_glui library
o:\szie\research\wetpv\raytracercpp\lib_3rd\glui-2.36\src\msvc\lib\glui32d.lib
o:\szie\research\wetpv\raytracercpp\lib_3rd\glui-2.36\src\msvc\x64\debug\_glui library.tlog\cl.command.1.tlog
o:\szie\research\wetpv\raytracercpp\lib_3rd\glui-2.36\src\msvc\x64\debug\_glui library.tlog\cl.read.1.tlog
o:\szie\research\wetpv\raytracercpp\lib_3rd\glui-2.36\src\msvc\x64\debug\_glui library.tlog\cl.write.1.tlog
o:\szie\research\wetpv\raytracercpp\lib_3rd\glui-2.36\src\msvc\x64\debug\_glui library.tlog\lib-link.read.1.tlog
o:\szie\research\wetpv\raytracercpp\lib_3rd\glui-2.36\src\msvc\x64\debug\_glui library.tlog\lib-link.write.1.tlog
o:\szie\research\wetpv\raytracercpp\lib_3rd\glui-2.36\src\msvc\x64\debug\_glui library.tlog\lib.command.1.tlog
