  algebra3.cpp
  arcball.cpp
  glui.cpp
  glui_add_controls.cpp
  glui_bitmaps.cpp
  glui_bitmap_img_data.cpp
  glui_button.cpp
  glui_checkbox.cpp
  glui_column.cpp
  glui_commandline.cpp
  glui_control.cpp
  glui_edittext.cpp
  glui_filebrowser.cpp
  glui_list.cpp
  glui_listbox.cpp
  glui_mouse_iaction.cpp
  glui_node.cpp
  glui_panel.cpp
  glui_radio.cpp
  glui_rollout.cpp
  Generating Code...
  Compiling...
  glui_rotation.cpp
  glui_scrollbar.cpp
  glui_separator.cpp
  glui_spinner.cpp
  glui_statictext.cpp
  glui_string.cpp
  glui_textbox.cpp
o:\szie\research\wetpv\raytracercpp\lib_3rd\glui-2.36\src\glui_textbox.cpp(1073): warning C4477: 'fprintf' : format string '%d' requires an argument of type 'int', but variadic argument 9 has type 'unsigned __int64'
  o:\szie\research\wetpv\raytracercpp\lib_3rd\glui-2.36\src\glui_textbox.cpp(1073): note: consider using '%zd' in the format string
  glui_translation.cpp
  glui_tree.cpp
  glui_treepanel.cpp
  glui_window.cpp
  quaternion.cpp
  Generating Code...
C:\Program Files (x86)\Microsoft Visual Studio\2017\Community\Common7\IDE\VC\VCTargets\Microsoft.CppBuild.targets(1397,5): warning MSB8012: TargetPath(O:\SZIE\research\WetPV\RayTracerCpp\lib_3rd\glui-2.36\src\msvc\x64\Debug\_glui library.lib) does not match the Library's OutputFile property value (o:\SZIE\research\WetPV\RayTracerCpp\lib_3rd\glui-2.36\src\msvc\lib\glui32d.lib). This may cause your project to build incorrectly. To correct this, please make sure that $(OutDir), $(TargetName) and $(TargetExt) property values match the value specified in %(Lib.OutputFile).
C:\Program Files (x86)\Microsoft Visual Studio\2017\Community\Common7\IDE\VC\VCTargets\Microsoft.CppBuild.targets(1399,5): warning MSB8012: TargetName(_glui library) does not match the Library's OutputFile property value (glui32d). This may cause your project to build incorrectly. To correct this, please make sure that $(OutDir), $(TargetName) and $(TargetExt) property values match the value specified in %(Lib.OutputFile).
  glui.vcxproj -> O:\SZIE\research\WetPV\RayTracerCpp\lib_3rd\glui-2.36\src\msvc\x64\Debug\_glui library.lib
